<?xml version="1.0" encoding="UTF-8"?>
<!-- Generated by org.testng.reporters.JUnitXMLReporter -->
<testsuite hostname="DESKTOP-AD0B9BO" ignored="10" name="Default test" tests="1" failures="0" timestamp="22 Sep 2017 21:26:44 GMT" time="121.602" errors="0">
  <testcase name="icjApplicationLoginAndVerifyQuickSearch" time="120.242" classname="TestSuites.ICJQuickSearch"/>
  <testcase name="testHeadlessBrowser" time="0.0" classname="TestSuites.HeadlessBrowser">
    <ignored/>
  </testcase> <!-- testHeadlessBrowser -->
  <testcase name="verifyAddAndRemoveMember" time="0.0" classname="TestSuites.AddRemoveMember">
    <ignored/>
  </testcase> <!-- verifyAddAndRemoveMember -->
  <testcase name="tmtpJoin" time="0.0" classname="TestSuites.Register">
    <ignored/>
  </testcase> <!-- tmtpJoin -->
  <testcase name="tmtpRemoveFriend" time="0.0" classname="TestSuites.RemoveMember">
    <ignored/>
  </testcase> <!-- tmtpRemoveFriend -->
  <testcase name="verifyLobbyLoginGotoMyApplicationsAndTMTP" time="0.0" classname="TestSuites.FriendAndFamilyList">
    <ignored/>
  </testcase> <!-- verifyLobbyLoginGotoMyApplicationsAndTMTP -->
  <testcase name="tmtpAddFriend" time="0.0" classname="TestSuites.AddMember">
    <ignored/>
  </testcase> <!-- tmtpAddFriend -->
  <testcase name="verifyUserInformation" time="0.0" classname="TestSuites.VerifyElements">
    <ignored/>
  </testcase> <!-- verifyUserInformation -->
  <testcase name="tmtpSignIn" time="0.0" classname="TestSuites.CaptureScreenshot">
    <ignored/>
  </testcase> <!-- tmtpSignIn -->
  <testcase name="verifyLobbyLoginGotoMyApplicationsAndTMTP" time="0.0" classname="TestSuites.LobbyLoginOnQPortfolio">
    <ignored/>
  </testcase> <!-- verifyLobbyLoginGotoMyApplicationsAndTMTP -->
  <testcase name="verifyLogoutInformation" time="0.0" classname="TestSuites.VerifyLogout">
    <ignored/>
  </testcase> <!-- verifyLogoutInformation -->
</testsuite> <!-- Default test -->
